mode: set
github.com/Artem0405/pvz-service/internal/service/auth_service.go:43.89,44.18 1 1
github.com/Artem0405/pvz-service/internal/service/auth_service.go:44.18,46.60 1 1
github.com/Artem0405/pvz-service/internal/service/auth_service.go:48.2,51.3 2 1
github.com/Artem0405/pvz-service/internal/service/auth_service.go:55.108,57.35 1 1
github.com/Artem0405/pvz-service/internal/service/auth_service.go:57.35,60.3 1 1
github.com/Artem0405/pvz-service/internal/service/auth_service.go:61.2,61.65 1 1
github.com/Artem0405/pvz-service/internal/service/auth_service.go:61.65,63.3 1 1
github.com/Artem0405/pvz-service/internal/service/auth_service.go:67.2,68.16 2 1
github.com/Artem0405/pvz-service/internal/service/auth_service.go:68.16,72.3 2 0
github.com/Artem0405/pvz-service/internal/service/auth_service.go:75.2,82.16 3 1
github.com/Artem0405/pvz-service/internal/service/auth_service.go:82.16,84.55 1 1
github.com/Artem0405/pvz-service/internal/service/auth_service.go:84.55,88.4 2 1
github.com/Artem0405/pvz-service/internal/service/auth_service.go:90.3,92.125 2 1
github.com/Artem0405/pvz-service/internal/service/auth_service.go:96.2,102.25 3 1
github.com/Artem0405/pvz-service/internal/service/auth_service.go:106.94,109.16 2 1
github.com/Artem0405/pvz-service/internal/service/auth_service.go:109.16,111.49 1 1
github.com/Artem0405/pvz-service/internal/service/auth_service.go:111.49,114.4 2 1
github.com/Artem0405/pvz-service/internal/service/auth_service.go:116.3,118.60 2 1
github.com/Artem0405/pvz-service/internal/service/auth_service.go:122.2,123.16 2 1
github.com/Artem0405/pvz-service/internal/service/auth_service.go:123.16,128.3 2 1
github.com/Artem0405/pvz-service/internal/service/auth_service.go:131.2,132.16 2 1
github.com/Artem0405/pvz-service/internal/service/auth_service.go:132.16,136.3 1 0
github.com/Artem0405/pvz-service/internal/service/auth_service.go:138.2,139.25 2 1
github.com/Artem0405/pvz-service/internal/service/auth_service.go:143.70,162.16 5 1
github.com/Artem0405/pvz-service/internal/service/auth_service.go:162.16,166.3 2 0
github.com/Artem0405/pvz-service/internal/service/auth_service.go:168.2,168.25 1 1
github.com/Artem0405/pvz-service/internal/service/auth_service.go:173.78,177.101 2 1
github.com/Artem0405/pvz-service/internal/service/auth_service.go:177.101,179.58 1 1
github.com/Artem0405/pvz-service/internal/service/auth_service.go:179.58,181.4 1 1
github.com/Artem0405/pvz-service/internal/service/auth_service.go:183.3,183.21 1 1
github.com/Artem0405/pvz-service/internal/service/auth_service.go:187.2,187.16 1 1
github.com/Artem0405/pvz-service/internal/service/auth_service.go:187.16,188.42 1 1
github.com/Artem0405/pvz-service/internal/service/auth_service.go:188.42,191.4 2 1
github.com/Artem0405/pvz-service/internal/service/auth_service.go:192.3,192.44 1 1
github.com/Artem0405/pvz-service/internal/service/auth_service.go:192.44,195.4 2 1
github.com/Artem0405/pvz-service/internal/service/auth_service.go:196.3,196.46 1 1
github.com/Artem0405/pvz-service/internal/service/auth_service.go:196.46,199.4 2 1
github.com/Artem0405/pvz-service/internal/service/auth_service.go:201.3,203.68 2 1
github.com/Artem0405/pvz-service/internal/service/auth_service.go:207.2,207.18 1 1
github.com/Artem0405/pvz-service/internal/service/auth_service.go:207.18,210.3 2 0
github.com/Artem0405/pvz-service/internal/service/auth_service.go:213.2,213.20 1 1
github.com/Artem0405/pvz-service/internal/service/pvz_service.go:31.112,36.2 1 1
github.com/Artem0405/pvz-service/internal/service/pvz_service.go:39.91,41.115 1 1
github.com/Artem0405/pvz-service/internal/service/pvz_service.go:41.115,45.3 2 1
github.com/Artem0405/pvz-service/internal/service/pvz_service.go:49.2,53.16 3 1
github.com/Artem0405/pvz-service/internal/service/pvz_service.go:53.16,60.3 2 1
github.com/Artem0405/pvz-service/internal/service/pvz_service.go:63.2,78.24 5 1
github.com/Artem0405/pvz-service/internal/service/pvz_service.go:83.135,94.16 3 1
github.com/Artem0405/pvz-service/internal/service/pvz_service.go:94.16,97.3 2 1
github.com/Artem0405/pvz-service/internal/service/pvz_service.go:98.2,101.23 2 1
github.com/Artem0405/pvz-service/internal/service/pvz_service.go:101.23,105.3 2 1
github.com/Artem0405/pvz-service/internal/service/pvz_service.go:106.2,110.30 3 1
github.com/Artem0405/pvz-service/internal/service/pvz_service.go:110.30,112.3 1 1
github.com/Artem0405/pvz-service/internal/service/pvz_service.go:115.2,116.16 2 1
github.com/Artem0405/pvz-service/internal/service/pvz_service.go:116.16,120.3 2 1
github.com/Artem0405/pvz-service/internal/service/pvz_service.go:123.2,123.26 1 1
github.com/Artem0405/pvz-service/internal/service/pvz_service.go:123.26,127.3 2 0
github.com/Artem0405/pvz-service/internal/service/pvz_service.go:130.2,131.33 2 1
github.com/Artem0405/pvz-service/internal/service/pvz_service.go:131.33,134.3 2 1
github.com/Artem0405/pvz-service/internal/service/pvz_service.go:137.2,138.16 2 1
github.com/Artem0405/pvz-service/internal/service/pvz_service.go:138.16,142.3 2 1
github.com/Artem0405/pvz-service/internal/service/pvz_service.go:145.2,145.29 1 1
github.com/Artem0405/pvz-service/internal/service/pvz_service.go:145.29,147.3 1 1
github.com/Artem0405/pvz-service/internal/service/pvz_service.go:149.2,151.20 2 1
github.com/Artem0405/pvz-service/internal/service/reception_service.go:26.81,30.2 1 1
github.com/Artem0405/pvz-service/internal/service/reception_service.go:33.110,38.16 2 1
github.com/Artem0405/pvz-service/internal/service/reception_service.go:38.16,42.3 2 1
github.com/Artem0405/pvz-service/internal/service/reception_service.go:45.2,45.54 1 1
github.com/Artem0405/pvz-service/internal/service/reception_service.go:45.54,48.3 2 1
github.com/Artem0405/pvz-service/internal/service/reception_service.go:55.2,62.16 3 1
github.com/Artem0405/pvz-service/internal/service/reception_service.go:62.16,65.3 2 1
github.com/Artem0405/pvz-service/internal/service/reception_service.go:68.2,75.30 3 1
github.com/Artem0405/pvz-service/internal/service/reception_service.go:79.133,81.115 1 1
github.com/Artem0405/pvz-service/internal/service/reception_service.go:81.115,84.3 2 1
github.com/Artem0405/pvz-service/internal/service/reception_service.go:87.2,88.16 2 1
github.com/Artem0405/pvz-service/internal/service/reception_service.go:88.16,89.54 1 1
github.com/Artem0405/pvz-service/internal/service/reception_service.go:89.54,92.4 2 1
github.com/Artem0405/pvz-service/internal/service/reception_service.go:94.3,95.108 2 1
github.com/Artem0405/pvz-service/internal/service/reception_service.go:97.2,108.16 4 1
github.com/Artem0405/pvz-service/internal/service/reception_service.go:108.16,111.3 2 1
github.com/Artem0405/pvz-service/internal/service/reception_service.go:112.2,122.26 3 1
github.com/Artem0405/pvz-service/internal/service/reception_service.go:127.90,130.16 2 1
github.com/Artem0405/pvz-service/internal/service/reception_service.go:130.16,131.54 1 1
github.com/Artem0405/pvz-service/internal/service/reception_service.go:131.54,134.4 2 1
github.com/Artem0405/pvz-service/internal/service/reception_service.go:135.3,136.90 2 0
github.com/Artem0405/pvz-service/internal/service/reception_service.go:140.2,141.16 2 1
github.com/Artem0405/pvz-service/internal/service/reception_service.go:141.16,142.52 1 1
github.com/Artem0405/pvz-service/internal/service/reception_service.go:142.52,145.4 2 1
github.com/Artem0405/pvz-service/internal/service/reception_service.go:146.3,147.92 2 0
github.com/Artem0405/pvz-service/internal/service/reception_service.go:151.2,152.16 2 1
github.com/Artem0405/pvz-service/internal/service/reception_service.go:152.16,154.52 1 0
github.com/Artem0405/pvz-service/internal/service/reception_service.go:154.52,157.4 2 0
github.com/Artem0405/pvz-service/internal/service/reception_service.go:159.3,160.78 2 0
github.com/Artem0405/pvz-service/internal/service/reception_service.go:163.2,164.12 2 1
github.com/Artem0405/pvz-service/internal/service/reception_service.go:168.111,171.16 2 1
github.com/Artem0405/pvz-service/internal/service/reception_service.go:171.16,172.54 1 1
github.com/Artem0405/pvz-service/internal/service/reception_service.go:172.54,175.4 2 1
github.com/Artem0405/pvz-service/internal/service/reception_service.go:176.3,177.110 2 0
github.com/Artem0405/pvz-service/internal/service/reception_service.go:181.2,182.16 2 1
github.com/Artem0405/pvz-service/internal/service/reception_service.go:182.16,184.54 1 1
github.com/Artem0405/pvz-service/internal/service/reception_service.go:184.54,187.4 2 0
github.com/Artem0405/pvz-service/internal/service/reception_service.go:189.3,190.102 2 1
github.com/Artem0405/pvz-service/internal/service/reception_service.go:194.2,199.29 4 1
